<?xml version="1.0" encoding="UTF-8"?>
<testng-results skipped="0" failed="2" total="6" passed="4">
  <reporter-output>
  </reporter-output>
  <suite name="Default suite" duration-ms="157647" started-at="2014-02-11T03:18:33Z" finished-at="2014-02-11T03:21:11Z">
    <groups>
      <group name="f1">
        <method signature="Test1Test.f1()[pri:0, instance:SET.test.Test1Test@171e7af3]" name="f1" class="SET.test.Test1Test"/>
        <method signature="Test1Test.f1()[pri:0, instance:SET.test.Test1Test@25b94dbc]" name="f1" class="SET.test.Test1Test"/>
        <method signature="Test1Test.f1()[pri:0, instance:SET.test.Test1Test@5219f360]" name="f1" class="SET.test.Test1Test"/>
      </group> <!-- f1 -->
      <group name="f2">
        <method signature="Test1Test.f2()[pri:0, instance:SET.test.Test1Test@171e7af3]" name="f2" class="SET.test.Test1Test"/>
        <method signature="Test1Test.f2()[pri:0, instance:SET.test.Test1Test@25b94dbc]" name="f2" class="SET.test.Test1Test"/>
        <method signature="Test1Test.f2()[pri:0, instance:SET.test.Test1Test@5219f360]" name="f2" class="SET.test.Test1Test"/>
      </group> <!-- f2 -->
      <group name="checkintest">
        <method signature="Test1Test.f1()[pri:0, instance:SET.test.Test1Test@171e7af3]" name="f1" class="SET.test.Test1Test"/>
        <method signature="Test1Test.f1()[pri:0, instance:SET.test.Test1Test@25b94dbc]" name="f1" class="SET.test.Test1Test"/>
        <method signature="Test1Test.f1()[pri:0, instance:SET.test.Test1Test@5219f360]" name="f1" class="SET.test.Test1Test"/>
        <method signature="Test1Test.f2()[pri:0, instance:SET.test.Test1Test@171e7af3]" name="f2" class="SET.test.Test1Test"/>
        <method signature="Test1Test.f2()[pri:0, instance:SET.test.Test1Test@25b94dbc]" name="f2" class="SET.test.Test1Test"/>
        <method signature="Test1Test.f2()[pri:0, instance:SET.test.Test1Test@5219f360]" name="f2" class="SET.test.Test1Test"/>
      </group> <!-- checkintest -->
    </groups>
    <test name="Default test" duration-ms="157647" started-at="2014-02-11T03:18:33Z" finished-at="2014-02-11T03:21:11Z">
      <class name="SET.test.Test1Test">
        <test-method status="PASS" signature="beforeClass()[pri:0, instance:SET.test.Test1Test@25b94dbc]" name="beforeClass" is-config="true" duration-ms="34" started-at="2014-02-11T11:18:33Z" finished-at="2014-02-11T11:18:33Z">
          <reporter-output>
          </reporter-output>
        </test-method> <!-- beforeClass -->
        <test-method status="PASS" signature="beforeMethod()[pri:0, instance:SET.test.Test1Test@25b94dbc]" name="beforeMethod" is-config="true" duration-ms="21921" started-at="2014-02-11T11:18:33Z" finished-at="2014-02-11T11:18:55Z">
          <reporter-output>
          </reporter-output>
        </test-method> <!-- beforeMethod -->
        <test-method status="PASS" signature="f1()[pri:0, instance:SET.test.Test1Test@171e7af3]" name="f1" duration-ms="4249" started-at="2014-02-11T11:18:55Z" finished-at="2014-02-11T11:19:00Z">
          <reporter-output>
          </reporter-output>
        </test-method> <!-- f1 -->
        <test-method status="PASS" signature="afterMethod()[pri:0, instance:SET.test.Test1Test@25b94dbc]" name="afterMethod" is-config="true" duration-ms="838" started-at="2014-02-11T11:19:00Z" finished-at="2014-02-11T11:19:00Z">
          <reporter-output>
          </reporter-output>
        </test-method> <!-- afterMethod -->
        <test-method status="PASS" signature="beforeClass()[pri:0, instance:SET.test.Test1Test@25b94dbc]" name="beforeClass" is-config="true" duration-ms="2" started-at="2014-02-11T11:19:00Z" finished-at="2014-02-11T11:19:00Z">
          <reporter-output>
          </reporter-output>
        </test-method> <!-- beforeClass -->
        <test-method status="PASS" signature="beforeMethod()[pri:0, instance:SET.test.Test1Test@25b94dbc]" name="beforeMethod" is-config="true" duration-ms="15488" started-at="2014-02-11T11:19:00Z" finished-at="2014-02-11T11:19:16Z">
          <reporter-output>
          </reporter-output>
        </test-method> <!-- beforeMethod -->
        <test-method status="PASS" signature="f1()[pri:0, instance:SET.test.Test1Test@25b94dbc]" name="f1" duration-ms="4775" started-at="2014-02-11T11:19:16Z" finished-at="2014-02-11T11:19:21Z">
          <reporter-output>
          </reporter-output>
        </test-method> <!-- f1 -->
        <test-method status="PASS" signature="afterMethod()[pri:0, instance:SET.test.Test1Test@25b94dbc]" name="afterMethod" is-config="true" duration-ms="730" started-at="2014-02-11T11:19:21Z" finished-at="2014-02-11T11:19:21Z">
          <reporter-output>
          </reporter-output>
        </test-method> <!-- afterMethod -->
        <test-method status="PASS" signature="beforeClass()[pri:0, instance:SET.test.Test1Test@25b94dbc]" name="beforeClass" is-config="true" duration-ms="2" started-at="2014-02-11T11:19:21Z" finished-at="2014-02-11T11:19:21Z">
          <reporter-output>
          </reporter-output>
        </test-method> <!-- beforeClass -->
        <test-method status="PASS" signature="beforeMethod()[pri:0, instance:SET.test.Test1Test@25b94dbc]" name="beforeMethod" is-config="true" duration-ms="15300" started-at="2014-02-11T11:19:21Z" finished-at="2014-02-11T11:19:37Z">
          <reporter-output>
          </reporter-output>
        </test-method> <!-- beforeMethod -->
        <test-method status="PASS" signature="f1()[pri:0, instance:SET.test.Test1Test@5219f360]" name="f1" duration-ms="1498" started-at="2014-02-11T11:19:37Z" finished-at="2014-02-11T11:19:38Z">
          <reporter-output>
          </reporter-output>
        </test-method> <!-- f1 -->
        <test-method status="PASS" signature="afterMethod()[pri:0, instance:SET.test.Test1Test@25b94dbc]" name="afterMethod" is-config="true" duration-ms="895" started-at="2014-02-11T11:19:38Z" finished-at="2014-02-11T11:19:39Z">
          <reporter-output>
          </reporter-output>
        </test-method> <!-- afterMethod -->
        <test-method status="PASS" signature="beforeMethod()[pri:0, instance:SET.test.Test1Test@25b94dbc]" name="beforeMethod" is-config="true" duration-ms="15486" started-at="2014-02-11T11:19:39Z" finished-at="2014-02-11T11:19:55Z">
          <reporter-output>
          </reporter-output>
        </test-method> <!-- beforeMethod -->
        <test-method status="FAIL" signature="f2()[pri:0, instance:SET.test.Test1Test@171e7af3]" name="f2" duration-ms="14670" started-at="2014-02-11T11:19:55Z" finished-at="2014-02-11T11:20:09Z">
          <exception class="org.openqa.selenium.TimeoutException">
            <message>
              <![CDATA[Timed out after 5 seconds waiting for visibility of element located by By.xpath: //*[@id='search-content']/p/a
Build info: version: '2.35.0', revision: '8df0c6bedf70ff9f22c647788f9fe9c8d22210e2', time: '2013-08-17 12:46:41'
System info: os.name: 'Windows 7', os.arch: 'amd64', os.version: '6.1', java.version: '1.7.0_17'
Driver info: driver.version: SetDriver]]>
            </message>
            <full-stacktrace>
              <![CDATA[org.openqa.selenium.TimeoutException: Timed out after 5 seconds waiting for visibility of element located by By.xpath: //*[@id='search-content']/p/a
Build info: version: '2.35.0', revision: '8df0c6bedf70ff9f22c647788f9fe9c8d22210e2', time: '2013-08-17 12:46:41'
System info: os.name: 'Windows 7', os.arch: 'amd64', os.version: '6.1', java.version: '1.7.0_17'
Driver info: driver.version: SetDriver
	at org.openqa.selenium.support.ui.FluentWait.timeoutException(FluentWait.java:259)
	at org.openqa.selenium.support.ui.FluentWait.until(FluentWait.java:228)
	at util.SetDriver.waitForElementVisible(SetDriver.java:443)
	at SET.test.Test1Test.f2(Test1Test.java:63)
	at sun.reflect.NativeMethodAccessorImpl.invoke0(Native Method)
	at sun.reflect.NativeMethodAccessorImpl.invoke(Unknown Source)
	at sun.reflect.DelegatingMethodAccessorImpl.invoke(Unknown Source)
	at java.lang.reflect.Method.invoke(Unknown Source)
	at org.testng.internal.MethodInvocationHelper.invokeMethod(MethodInvocationHelper.java:84)
	at org.testng.internal.Invoker.invokeMethod(Invoker.java:714)
	at org.testng.internal.Invoker.invokeTestMethod(Invoker.java:901)
	at org.testng.internal.Invoker.invokeTestMethods(Invoker.java:1231)
	at org.testng.internal.TestMethodWorker.invokeTestMethods(TestMethodWorker.java:127)
	at org.testng.internal.TestMethodWorker.run(TestMethodWorker.java:111)
	at org.testng.TestRunner.privateRun(TestRunner.java:767)
	at org.testng.TestRunner.run(TestRunner.java:617)
	at org.testng.SuiteRunner.runTest(SuiteRunner.java:334)
	at org.testng.SuiteRunner.runSequentially(SuiteRunner.java:329)
	at org.testng.SuiteRunner.privateRun(SuiteRunner.java:291)
	at org.testng.SuiteRunner.run(SuiteRunner.java:240)
	at org.testng.SuiteRunnerWorker.runSuite(SuiteRunnerWorker.java:52)
	at org.testng.SuiteRunnerWorker.run(SuiteRunnerWorker.java:86)
	at org.testng.TestNG.runSuitesSequentially(TestNG.java:1224)
	at org.testng.TestNG.runSuitesLocally(TestNG.java:1149)
	at org.testng.TestNG.run(TestNG.java:1057)
	at org.testng.remote.RemoteTestNG.run(RemoteTestNG.java:111)
	at org.testng.remote.RemoteTestNG.initAndRun(RemoteTestNG.java:204)
	at org.testng.remote.RemoteTestNG.main(RemoteTestNG.java:175)
Caused by: org.openqa.selenium.NoSuchElementException: Unable to locate element: {"method":"xpath","selector":"//*[@id='search-content']/p/a"}
Command duration or timeout: 12 milliseconds
For documentation on this error, please visit: http://seleniumhq.org/exceptions/no_such_element.html
Build info: version: '2.35.0', revision: '8df0c6bedf70ff9f22c647788f9fe9c8d22210e2', time: '2013-08-17 12:46:41'
System info: os.name: 'Windows 7', os.arch: 'amd64', os.version: '6.1', java.version: '1.7.0_17'
Session ID: 209a609b-0470-4f90-823f-10256db40cc0
Driver info: org.openqa.selenium.firefox.FirefoxDriver
Capabilities [{platform=XP, databaseEnabled=true, cssSelectorsEnabled=true, javascriptEnabled=true, acceptSslCerts=true, handlesAlerts=true, browserName=firefox, browserConnectionEnabled=true, nativeEvents=true, webStorageEnabled=true, rotatable=false, locationContextEnabled=true, applicationCacheEnabled=true, takesScreenshot=true, version=22.0}]
	at sun.reflect.NativeConstructorAccessorImpl.newInstance0(Native Method)
	at sun.reflect.NativeConstructorAccessorImpl.newInstance(Unknown Source)
	at sun.reflect.DelegatingConstructorAccessorImpl.newInstance(Unknown Source)
	at java.lang.reflect.Constructor.newInstance(Unknown Source)
	at org.openqa.selenium.remote.ErrorHandler.createThrowable(ErrorHandler.java:191)
	at org.openqa.selenium.remote.ErrorHandler.throwIfResponseFailed(ErrorHandler.java:145)
	at org.openqa.selenium.remote.RemoteWebDriver.execute(RemoteWebDriver.java:554)
	at org.openqa.selenium.remote.RemoteWebDriver.findElement(RemoteWebDriver.java:307)
	at org.openqa.selenium.remote.RemoteWebDriver.findElementByXPath(RemoteWebDriver.java:404)
	at org.openqa.selenium.By$ByXPath.findElement(By.java:344)
	at org.openqa.selenium.remote.RemoteWebDriver.findElement(RemoteWebDriver.java:299)
	at org.openqa.selenium.support.ui.ExpectedConditions.findElement(ExpectedConditions.java:579)
	at org.openqa.selenium.support.ui.ExpectedConditions.access$000(ExpectedConditions.java:39)
	at org.openqa.selenium.support.ui.ExpectedConditions$4.apply(ExpectedConditions.java:130)
	at org.openqa.selenium.support.ui.ExpectedConditions$4.apply(ExpectedConditions.java:126)
	at org.openqa.selenium.support.ui.FluentWait.until(FluentWait.java:208)
	... 26 more
Caused by: org.openqa.selenium.remote.ErrorHandler$UnknownServerException: Unable to locate element: {"method":"xpath","selector":"//*[@id='search-content']/p/a"}
Build info: version: '2.35.0', revision: '8df0c6bedf70ff9f22c647788f9fe9c8d22210e2', time: '2013-08-17 12:46:41'
System info: os.name: 'Windows 7', os.arch: 'amd64', os.version: '6.1', java.version: '1.7.0_17'
Driver info: driver.version: unknown
	at <anonymous class>.FirefoxDriver.prototype.findElementInternal_(file:///C:/Users/mengxue.shi/AppData/Local/Temp/anonymous8797959613663061904webdriver-profile/extensions/fxdriver@googlecode.com/components/driver_component.js:8880)
	at <anonymous class>.FirefoxDriver.prototype.findElement(file:///C:/Users/mengxue.shi/AppData/Local/Temp/anonymous8797959613663061904webdriver-profile/extensions/fxdriver@googlecode.com/components/driver_component.js:8889)
	at <anonymous class>.DelayedCommand.prototype.executeInternal_/h(file:///C:/Users/mengxue.shi/AppData/Local/Temp/anonymous8797959613663061904webdriver-profile/extensions/fxdriver@googlecode.com/components/command_processor.js:10817)
	at <anonymous class>.DelayedCommand.prototype.executeInternal_(file:///C:/Users/mengxue.shi/AppData/Local/Temp/anonymous8797959613663061904webdriver-profile/extensions/fxdriver@googlecode.com/components/command_processor.js:10822)
	at <anonymous class>.DelayedCommand.prototype.execute/<(file:///C:/Users/mengxue.shi/AppData/Local/Temp/anonymous8797959613663061904webdriver-profile/extensions/fxdriver@googlecode.com/components/command_processor.js:10764)
]]>
            </full-stacktrace>
          </exception> <!-- org.openqa.selenium.TimeoutException -->
          <reporter-output>
          </reporter-output>
        </test-method> <!-- f2 -->
        <test-method status="PASS" signature="afterMethod()[pri:0, instance:SET.test.Test1Test@25b94dbc]" name="afterMethod" is-config="true" duration-ms="720" started-at="2014-02-11T11:20:09Z" finished-at="2014-02-11T11:20:10Z">
          <reporter-output>
          </reporter-output>
        </test-method> <!-- afterMethod -->
        <test-method status="PASS" signature="afterClass()[pri:0, instance:SET.test.Test1Test@25b94dbc]" name="afterClass" is-config="true" duration-ms="0" started-at="2014-02-11T11:20:10Z" finished-at="2014-02-11T11:20:10Z">
          <reporter-output>
          </reporter-output>
        </test-method> <!-- afterClass -->
        <test-method status="PASS" signature="beforeMethod()[pri:0, instance:SET.test.Test1Test@25b94dbc]" name="beforeMethod" is-config="true" duration-ms="16685" started-at="2014-02-11T11:20:10Z" finished-at="2014-02-11T11:20:27Z">
          <reporter-output>
          </reporter-output>
        </test-method> <!-- beforeMethod -->
        <test-method status="FAIL" signature="f2()[pri:0, instance:SET.test.Test1Test@25b94dbc]" name="f2" duration-ms="7449" started-at="2014-02-11T11:20:27Z" finished-at="2014-02-11T11:20:34Z">
          <exception class="org.openqa.selenium.TimeoutException">
            <message>
              <![CDATA[Timed out after 5 seconds waiting for visibility of element located by By.xpath: //*[@id='search-content']/p/a
Build info: version: '2.35.0', revision: '8df0c6bedf70ff9f22c647788f9fe9c8d22210e2', time: '2013-08-17 12:46:41'
System info: os.name: 'Windows 7', os.arch: 'amd64', os.version: '6.1', java.version: '1.7.0_17'
Driver info: driver.version: SetDriver]]>
            </message>
            <full-stacktrace>
              <![CDATA[org.openqa.selenium.TimeoutException: Timed out after 5 seconds waiting for visibility of element located by By.xpath: //*[@id='search-content']/p/a
Build info: version: '2.35.0', revision: '8df0c6bedf70ff9f22c647788f9fe9c8d22210e2', time: '2013-08-17 12:46:41'
System info: os.name: 'Windows 7', os.arch: 'amd64', os.version: '6.1', java.version: '1.7.0_17'
Driver info: driver.version: SetDriver
	at org.openqa.selenium.support.ui.FluentWait.timeoutException(FluentWait.java:259)
	at org.openqa.selenium.support.ui.FluentWait.until(FluentWait.java:228)
	at util.SetDriver.waitForElementVisible(SetDriver.java:443)
	at SET.test.Test1Test.f2(Test1Test.java:63)
	at sun.reflect.NativeMethodAccessorImpl.invoke0(Native Method)
	at sun.reflect.NativeMethodAccessorImpl.invoke(Unknown Source)
	at sun.reflect.DelegatingMethodAccessorImpl.invoke(Unknown Source)
	at java.lang.reflect.Method.invoke(Unknown Source)
	at org.testng.internal.MethodInvocationHelper.invokeMethod(MethodInvocationHelper.java:84)
	at org.testng.internal.Invoker.invokeMethod(Invoker.java:714)
	at org.testng.internal.Invoker.invokeTestMethod(Invoker.java:901)
	at org.testng.internal.Invoker.invokeTestMethods(Invoker.java:1231)
	at org.testng.internal.TestMethodWorker.invokeTestMethods(TestMethodWorker.java:127)
	at org.testng.internal.TestMethodWorker.run(TestMethodWorker.java:111)
	at org.testng.TestRunner.privateRun(TestRunner.java:767)
	at org.testng.TestRunner.run(TestRunner.java:617)
	at org.testng.SuiteRunner.runTest(SuiteRunner.java:334)
	at org.testng.SuiteRunner.runSequentially(SuiteRunner.java:329)
	at org.testng.SuiteRunner.privateRun(SuiteRunner.java:291)
	at org.testng.SuiteRunner.run(SuiteRunner.java:240)
	at org.testng.SuiteRunnerWorker.runSuite(SuiteRunnerWorker.java:52)
	at org.testng.SuiteRunnerWorker.run(SuiteRunnerWorker.java:86)
	at org.testng.TestNG.runSuitesSequentially(TestNG.java:1224)
	at org.testng.TestNG.runSuitesLocally(TestNG.java:1149)
	at org.testng.TestNG.run(TestNG.java:1057)
	at org.testng.remote.RemoteTestNG.run(RemoteTestNG.java:111)
	at org.testng.remote.RemoteTestNG.initAndRun(RemoteTestNG.java:204)
	at org.testng.remote.RemoteTestNG.main(RemoteTestNG.java:175)
Caused by: org.openqa.selenium.NoSuchElementException: Unable to locate element: {"method":"xpath","selector":"//*[@id='search-content']/p/a"}
Command duration or timeout: 10 milliseconds
For documentation on this error, please visit: http://seleniumhq.org/exceptions/no_such_element.html
Build info: version: '2.35.0', revision: '8df0c6bedf70ff9f22c647788f9fe9c8d22210e2', time: '2013-08-17 12:46:41'
System info: os.name: 'Windows 7', os.arch: 'amd64', os.version: '6.1', java.version: '1.7.0_17'
Session ID: 8ba200bd-7fe4-4433-ad85-b80c84929b9b
Driver info: org.openqa.selenium.firefox.FirefoxDriver
Capabilities [{platform=XP, databaseEnabled=true, cssSelectorsEnabled=true, javascriptEnabled=true, acceptSslCerts=true, handlesAlerts=true, browserName=firefox, browserConnectionEnabled=true, nativeEvents=true, webStorageEnabled=true, rotatable=false, locationContextEnabled=true, applicationCacheEnabled=true, takesScreenshot=true, version=22.0}]
	at sun.reflect.GeneratedConstructorAccessor17.newInstance(Unknown Source)
	at sun.reflect.DelegatingConstructorAccessorImpl.newInstance(Unknown Source)
	at java.lang.reflect.Constructor.newInstance(Unknown Source)
	at org.openqa.selenium.remote.ErrorHandler.createThrowable(ErrorHandler.java:191)
	at org.openqa.selenium.remote.ErrorHandler.throwIfResponseFailed(ErrorHandler.java:145)
	at org.openqa.selenium.remote.RemoteWebDriver.execute(RemoteWebDriver.java:554)
	at org.openqa.selenium.remote.RemoteWebDriver.findElement(RemoteWebDriver.java:307)
	at org.openqa.selenium.remote.RemoteWebDriver.findElementByXPath(RemoteWebDriver.java:404)
	at org.openqa.selenium.By$ByXPath.findElement(By.java:344)
	at org.openqa.selenium.remote.RemoteWebDriver.findElement(RemoteWebDriver.java:299)
	at org.openqa.selenium.support.ui.ExpectedConditions.findElement(ExpectedConditions.java:579)
	at org.openqa.selenium.support.ui.ExpectedConditions.access$000(ExpectedConditions.java:39)
	at org.openqa.selenium.support.ui.ExpectedConditions$4.apply(ExpectedConditions.java:130)
	at org.openqa.selenium.support.ui.ExpectedConditions$4.apply(ExpectedConditions.java:126)
	at org.openqa.selenium.support.ui.FluentWait.until(FluentWait.java:208)
	... 26 more
Caused by: org.openqa.selenium.remote.ErrorHandler$UnknownServerException: Unable to locate element: {"method":"xpath","selector":"//*[@id='search-content']/p/a"}
Build info: version: '2.35.0', revision: '8df0c6bedf70ff9f22c647788f9fe9c8d22210e2', time: '2013-08-17 12:46:41'
System info: os.name: 'Windows 7', os.arch: 'amd64', os.version: '6.1', java.version: '1.7.0_17'
Driver info: driver.version: unknown
	at <anonymous class>.FirefoxDriver.prototype.findElementInternal_(file:///C:/Users/mengxue.shi/AppData/Local/Temp/anonymous7942006264288151571webdriver-profile/extensions/fxdriver@googlecode.com/components/driver_component.js:8880)
	at <anonymous class>.FirefoxDriver.prototype.findElement(file:///C:/Users/mengxue.shi/AppData/Local/Temp/anonymous7942006264288151571webdriver-profile/extensions/fxdriver@googlecode.com/components/driver_component.js:8889)
	at <anonymous class>.DelayedCommand.prototype.executeInternal_/h(file:///C:/Users/mengxue.shi/AppData/Local/Temp/anonymous7942006264288151571webdriver-profile/extensions/fxdriver@googlecode.com/components/command_processor.js:10817)
	at <anonymous class>.DelayedCommand.prototype.executeInternal_(file:///C:/Users/mengxue.shi/AppData/Local/Temp/anonymous7942006264288151571webdriver-profile/extensions/fxdriver@googlecode.com/components/command_processor.js:10822)
	at <anonymous class>.DelayedCommand.prototype.execute/<(file:///C:/Users/mengxue.shi/AppData/Local/Temp/anonymous7942006264288151571webdriver-profile/extensions/fxdriver@googlecode.com/components/command_processor.js:10764)
]]>
            </full-stacktrace>
          </exception> <!-- org.openqa.selenium.TimeoutException -->
          <reporter-output>
          </reporter-output>
        </test-method> <!-- f2 -->
        <test-method status="PASS" signature="afterMethod()[pri:0, instance:SET.test.Test1Test@25b94dbc]" name="afterMethod" is-config="true" duration-ms="919" started-at="2014-02-11T11:20:34Z" finished-at="2014-02-11T11:20:35Z">
          <reporter-output>
          </reporter-output>
        </test-method> <!-- afterMethod -->
        <test-method status="PASS" signature="afterClass()[pri:0, instance:SET.test.Test1Test@25b94dbc]" name="afterClass" is-config="true" duration-ms="1" started-at="2014-02-11T11:20:35Z" finished-at="2014-02-11T11:20:35Z">
          <reporter-output>
          </reporter-output>
        </test-method> <!-- afterClass -->
        <test-method status="PASS" signature="beforeMethod()[pri:0, instance:SET.test.Test1Test@25b94dbc]" name="beforeMethod" is-config="true" duration-ms="15185" started-at="2014-02-11T11:20:35Z" finished-at="2014-02-11T11:20:50Z">
          <reporter-output>
          </reporter-output>
        </test-method> <!-- beforeMethod -->
        <test-method status="PASS" signature="f2()[pri:0, instance:SET.test.Test1Test@5219f360]" name="f2" duration-ms="19882" started-at="2014-02-11T11:20:50Z" finished-at="2014-02-11T11:21:10Z">
          <reporter-output>
          </reporter-output>
        </test-method> <!-- f2 -->
        <test-method status="PASS" signature="afterMethod()[pri:0, instance:SET.test.Test1Test@25b94dbc]" name="afterMethod" is-config="true" duration-ms="886" started-at="2014-02-11T11:21:10Z" finished-at="2014-02-11T11:21:11Z">
          <reporter-output>
          </reporter-output>
        </test-method> <!-- afterMethod -->
        <test-method status="PASS" signature="afterClass()[pri:0, instance:SET.test.Test1Test@25b94dbc]" name="afterClass" is-config="true" duration-ms="0" started-at="2014-02-11T11:21:11Z" finished-at="2014-02-11T11:21:11Z">
          <reporter-output>
          </reporter-output>
        </test-method> <!-- afterClass -->
      </class> <!-- SET.test.Test1Test -->
    </test> <!-- Default test -->
  </suite> <!-- Default suite -->
</testng-results>
